<?xml version="1.0" encoding="UTF-8"?>
<!-- Generated by org.testng.reporters.JUnitReportReporter -->
<testsuite skipped="0" hostname="DESKTOP-J2S5NQC" name="StudyAbroad.Branch" tests="2" failures="0" timestamp="03 Nov 2018 09:02:07 GMT" time="71.306" errors="0">
  <testcase name="CreateBranch" time="70.275" classname="StudyAbroad.Branch"/>
  <testcase name="viewbranch" time="1.031" classname="StudyAbroad.Branch"/>
</testsuite> <!-- StudyAbroad.Branch -->
