<?xml version="1.0" encoding="UTF-8"?>
<!-- Generated by org.testng.reporters.JUnitReportReporter -->
<testsuite skipped="0" hostname="DESKTOP-J2S5NQC" name="StudyAbroad.Education" tests="3" failures="0" timestamp="03 Nov 2018 09:19:59 GMT" time="23.232" errors="0">
  <testcase name="deleteeducation" time="6.283" classname="StudyAbroad.Education"/>
  <testcase name="editeducation" time="8.436" classname="StudyAbroad.Education"/>
  <testcase name="CreateEducation" time="8.513" classname="StudyAbroad.Education"/>
</testsuite> <!-- StudyAbroad.Education -->
