<?xml version="1.0" encoding="UTF-8"?>
<!-- Generated by org.testng.reporters.JUnitReportReporter -->
<testsuite skipped="0" hostname="DESKTOP-J2S5NQC" name="StudyAbroad.Education" tests="3" failures="0" timestamp="18 Oct 2018 10:52:49 GMT" time="49.090" errors="0">
  <testcase name="editeducation" time="8.934" classname="StudyAbroad.Education"/>
  <testcase name="CreateEducation" time="33.685" classname="StudyAbroad.Education"/>
  <testcase name="deleteeducation" time="6.471" classname="StudyAbroad.Education"/>
</testsuite> <!-- StudyAbroad.Education -->
