<?xml version="1.0" encoding="UTF-8"?>
<!-- Generated by org.testng.reporters.JUnitReportReporter -->
<testsuite skipped="0" hostname="DESKTOP-J2S5NQC" name="StudyAbroad.validatetitle" tests="1" failures="0" timestamp="16 Oct 2018 15:09:27 GMT" time="0.059" errors="0">
  <testcase name="validateAppTitle" time="0.059" classname="StudyAbroad.validatetitle"/>
</testsuite> <!-- StudyAbroad.validatetitle -->
