<?xml version="1.0" encoding="UTF-8"?>
<!-- Generated by org.testng.reporters.JUnitReportReporter -->
<testsuite skipped="0" hostname="DESKTOP-J2S5NQC" name="StudyAbroad.Education" tests="3" failures="0" timestamp="15 Oct 2018 17:00:22 GMT" time="48.311" errors="0">
  <testcase name="CreateEducation" time="36.535" classname="StudyAbroad.Education"/>
  <testcase name="editeducation" time="7.050" classname="StudyAbroad.Education"/>
  <testcase name="deleteeducation" time="4.726" classname="StudyAbroad.Education"/>
</testsuite> <!-- StudyAbroad.Education -->
