<?xml version="1.0" encoding="UTF-8"?>
<!-- Generated by org.testng.reporters.JUnitReportReporter -->
<testsuite skipped="0" hostname="DESKTOP-J2S5NQC" name="StudyAbroad.specializationcomponent" tests="1" failures="0" timestamp="03 Nov 2018 09:14:34 GMT" time="19.545" errors="0">
  <testcase name="Createspecializationcomponent" time="19.545" classname="StudyAbroad.specializationcomponent"/>
</testsuite> <!-- StudyAbroad.specializationcomponent -->
