<?xml version="1.0" encoding="UTF-8"?>
<!-- Generated by org.testng.reporters.JUnitReportReporter -->
<testsuite skipped="0" hostname="DESKTOP-J2S5NQC" name="StudyAbroad.Specialization" tests="1" failures="0" timestamp="03 Nov 2018 09:11:48 GMT" time="32.426" errors="0">
  <testcase name="CreateSpecialization" time="32.426" classname="StudyAbroad.Specialization"/>
</testsuite> <!-- StudyAbroad.Specialization -->
