<?xml version="1.0" encoding="UTF-8"?>
<!-- Generated by org.testng.reporters.JUnitReportReporter -->
<testsuite skipped="0" hostname="DESKTOP-J2S5NQC" name="StudyAbroad.Education" tests="3" failures="0" timestamp="16 Oct 2018 15:09:27 GMT" time="41.437" errors="0">
  <testcase name="deleteeducation" time="6.301" classname="StudyAbroad.Education"/>
  <testcase name="editeducation" time="8.650" classname="StudyAbroad.Education"/>
  <testcase name="CreateEducation" time="26.486" classname="StudyAbroad.Education"/>
</testsuite> <!-- StudyAbroad.Education -->
